#**************Configuration**************
#Number of processors: 2
#Training file: train.dat (70 lines)
#Validation file: valid.dat (30 lines)
#Test file: (none) (0 lines)
#Number of features: 700
#Maximum depth: 4
#Number of trees: 100
#Learning rate: 0.1
#*****************************************
#iteration,train_rmse,train_err,train_ndcg,valid_rmse,valid_err,valid_ndcg
6:0.976990:0.092857,349:0.147745:0.080597,596:0.168410:0.150000,-1:-1.000000:0.066667,-1:-1.000000:0.185714,135:0.535605:0.068421,-1:-1.000000:0.040000,-1:-1.000000:0.090625,6:0.985425:0.366667,6:0.985365:0.400000,-1:-1.000000:0.400000,-1:-1.000000:0.400000,-1:-1.000000:0.300000
0,1.162608,0.282880,0.924763,1.056710,0.272176,0.939737
664:0.971775:0.083571,149:0.881890:0.072537,637:0.272915:0.059579,-1:-1.000000:0.092190,-1:-1.000000:0.040397,36:0.734015:0.126363,-1:-1.000000:0.150308,-1:-1.000000:-0.005333,618:0.976480:0.330000,-1:-1.000000:0.270000,6:0.985365:0.360000,-1:-1.000000:0.360000,-1:-1.000000:0.360000
664:0.971775:0.075214,349:0.147745:0.065284,418:0.254210:0.123787,-1:-1.000000:0.051790,-1:-1.000000:0.154643,135:0.706510:0.055020,-1:-1.000000:0.036924,-1:-1.000000:0.083809,6:0.985425:0.297000,6:0.985365:0.324000,-1:-1.000000:0.324000,-1:-1.000000:0.324000,-1:-1.000000:0.243000
664:0.971775:0.067693,220:0.681520:0.058755,349:0.147745:0.071219,-1:-1.000000:0.132093,-1:-1.000000:0.060151,585:0.475090:0.015548,-1:-1.000000:0.076752,-1:-1.000000:0.000247,8:0.950030:0.267300,-1:-1.000000:0.218700,694:0.583655:0.291600,-1:-1.000000:0.291600,-1:-1.000000:0.291600
6:0.976990:0.060924,149:0.852495:0.052880,637:0.272915:0.041302,-1:-1.000000:0.069496,-1:-1.000000:0.023680,36:0.734015:0.093017,-1:-1.000000:0.112272,-1:-1.000000:0.015997,664:0.981350:0.240570,694:0.583655:0.262440,-1:-1.000000:0.262440,-1:-1.000000:0.262440,-1:-1.000000:0.196830
100:0.909860:0.054831,220:0.681520:0.046396,300:0.626080:0.057135,-1:-1.000000:0.039678,-1:-1.000000:0.089140,43:0.672250:0.009884,-1:-1.000000:-0.019080,-1:-1.000000:0.035228,8:0.950030:0.194009,6:0.908805:0.151822,-1:-1.000000:0.126497,-1:-1.000000:0.177147,694:0.583655:0.236196,-1:-1.000000:0.236196,-1:-1.000000:0.236196
100:0.909860:0.049348,669:0.260840:0.041757,98:0.437070:0.010551,-1:-1.000000:0.068832,-1:-1.000000:-0.013733,438:0.893625:0.052583,-1:-1.000000:0.044656,-1:-1.000000:0.122340,618:0.976480:0.174608,10:0.498370:0.136640,-1:-1.000000:0.159432,-1:-1.000000:0.113847,6:0.985365:0.212576,-1:-1.000000:0.212576,-1:-1.000000:0.212576
100:0.909860:0.044413,513:0.428760:0.037581,596:0.266080:-0.001470,-1:-1.000000:0.059243,-1:-1.000000:-0.024237,607:0.753225:0.045391,-1:-1.000000:0.053266,-1:-1.000000:-0.000874,418:0.475880:0.157147,6:0.985365:0.191319,-1:-1.000000:0.191319,-1:-1.000000:0.191319,694:0.932000:0.122976,-1:-1.000000:0.143489,-1:-1.000000:0.102463
100:0.909860:0.039972,220:0.681520:0.033823,687:0.856730:0.042841,-1:-1.000000:0.048503,-1:-1.000000:-0.023691,433:0.541990:0.003161,-1:-1.000000:0.032745,-1:-1.000000:-0.016562,418:0.475880:0.141433,694:0.583655:0.172187,-1:-1.000000:0.172187,-1:-1.000000:0.172187,694:0.932000:0.110678,-1:-1.000000:0.129140,-1:-1.000000:0.092216
100:0.909860:0.035975,27:0.996140:0.030441,433:0.604720:0.025334,-1:-1.000000:0.039330,-1:-1.000000:0.008228,254:0.810705:0.081507,-1:-1.000000:0.101119,-1:-1.000000:0.042284,418:0.475880:0.127289,694:0.583655:0.154968,-1:-1.000000:0.154968,-1:-1.000000:0.154968,694:0.932000:0.099610,-1:-1.000000:0.116226,-1:-1.000000:0.082995
100:0.909860:0.032377,513:0.428760:0.027396,36:0.611805:-0.006128,-1:-1.000000:-0.025127,-1:-1.000000:0.044535,533:0.893380:0.034101,-1:-1.000000:0.030954,-1:-1.000000:0.117501,8:0.950030:0.114560,6:0.908805:0.089649,-1:-1.000000:0.074695,-1:-1.000000:0.104604,694:0.583655:0.139471,-1:-1.000000:0.139471,-1:-1.000000:0.139471
10,0.545468,0.292030,0.963547,0.507421,0.275382,0.949953
100:0.909860:0.029140,27:0.996140:0.024657,36:0.988970:0.020096,-1:-1.000000:0.018153,-1:-1.000000:0.134734,154:0.673635:0.070261,-1:-1.000000:0.087911,-1:-1.000000:0.034960,8:0.950030:0.103104,698:0.309445:0.080684,-1:-1.000000:0.067226,-1:-1.000000:0.094143,6:0.985365:0.125524,-1:-1.000000:0.125524,-1:-1.000000:0.125524
100:0.909860:0.026226,669:0.260840:0.022191,674:0.392895:-0.001735,-1:-1.000000:0.043474,-1:-1.000000:-0.020572,190:0.829825:0.030492,-1:-1.000000:0.037245,-1:-1.000000:-0.017906,418:0.475880:0.092794,694:0.583655:0.112972,-1:-1.000000:0.112972,-1:-1.000000:0.112972,698:0.309445:0.072616,-1:-1.000000:0.060503,-1:-1.000000:0.084729
100:0.909860:0.023603,478:0.429210:0.019972,505:0.995055:0.012711,-1:-1.000000:0.010592,-1:-1.000000:0.118704,586:0.132870:0.044658,-1:-1.000000:0.085852,-1:-1.000000:0.034360,8:0.950030:0.083515,698:0.309445:0.065354,-1:-1.000000:0.054453,-1:-1.000000:0.076256,694:0.583655:0.101675,-1:-1.000000:0.101675,-1:-1.000000:0.101675
220:0.681520:0.021243,687:0.861550:0.028339,179:0.851025:0.032501,-1:-1.000000:0.027923,-1:-1.000000:0.086296,18:0.919995:-0.024735,-1:-1.000000:-0.029936,-1:-1.000000:-0.019534,585:0.475090:-0.004776,698:0.309445:0.034455,-1:-1.000000:0.032554,-1:-1.000000:0.038257,687:0.197110:-0.014584,-1:-1.000000:0.035808,-1:-1.000000:-0.024662
366:0.890835:0.019118,34:0.804855:0.015951,71:0.808920:0.004416,-1:-1.000000:0.020211,-1:-1.000000:-0.016644,486:0.762805:0.028974,-1:-1.000000:0.017458,-1:-1.000000:0.049913,162:0.543825:0.071385,-1:-1.000000:0.082878,8:0.311935:0.067554,-1:-1.000000:0.071226,-1:-1.000000:0.065718
220:0.681520:0.017207,359:0.973465:0.023255,122:0.607320:0.025105,-1:-1.000000:0.037206,-1:-1.000000:0.008796,-1:-1.000000:-0.076678,433:0.541990:-0.004970,66:0.373775:0.016273,-1:-1.000000:-0.013349,-1:-1.000000:0.031084,30:0.090097:-0.019132,-1:-1.000000:0.024032,-1:-1.000000:-0.024527
100:0.909860:0.015486,36:0.988970:0.012725,149:0.591720:0.011350,-1:-1.000000:-0.000376,-1:-1.000000:0.022720,-1:-1.000000:0.102106,618:0.976480:0.061043,694:0.932000:0.047945,-1:-1.000000:0.055546,-1:-1.000000:0.040344,690:0.164362:0.074140,-1:-1.000000:0.070869,-1:-1.000000:0.077411
216:0.041857:0.013937,690:0.233665:-0.029915,-1:-1.000000:-0.041902,8:0.335370:-0.025920,-1:-1.000000:-0.028695,-1:-1.000000:-0.020369,179:0.807210:0.016595,149:0.591720:0.012646,-1:-1.000000:-0.002024,-1:-1.000000:0.025897,66:0.625640:0.049877,-1:-1.000000:0.024599,-1:-1.000000:0.068835
220:0.681520:0.012544,399:0.864565:0.017733,267:0.175620:0.021160,-1:-1.000000:-0.033075,-1:-1.000000:0.024549,6:0.484315:-0.025963,-1:-1.000000:-0.022728,-1:-1.000000:-0.035668,433:0.541990:-0.006483,640:0.429025:0.011891,-1:-1.000000:0.023724,-1:-1.000000:-0.011774,694:0.437840:-0.018732,-1:-1.000000:0.016767,-1:-1.000000:-0.023169
505:0.995055:0.011289,535:0.443395:0.010136,98:0.129280:-0.006663,-1:-1.000000:0.016606,-1:-1.000000:-0.020237,699:0.823700:0.016520,-1:-1.000000:0.019576,-1:-1.000000:-0.031350,-1:-1.000000:0.090854
20,0.332677,0.307241,0.999295,0.311843,0.296677,1.000000
366:0.890835:0.010160,34:0.804855:0.007923,433:0.634240:-0.001059,-1:-1.000000:0.009378,-1:-1.000000:-0.021063,276:0.772255:0.018063,-1:-1.000000:0.009131,-1:-1.000000:0.034304,674:0.856445:0.047080,-1:-1.000000:0.038695,28:0.278570:0.049875,-1:-1.000000:0.046031,-1:-1.000000:0.051798
359:0.973465:0.009144,220:0.681520:0.010210,399:0.864565:0.014880,-1:-1.000000:0.018049,-1:-1.000000:-0.024734,433:0.541990:-0.006602,-1:-1.000000:0.007815,-1:-1.000000:-0.016214,-1:-1.000000:-0.064377
36:0.988970:0.008230,34:0.804855:0.007221,446:0.610910:-0.001084,-1:-1.000000:-0.011309,-1:-1.000000:0.014984,91:0.517925:0.016281,-1:-1.000000:0.009055,-1:-1.000000:0.032900,-1:-1.000000:0.077857
505:0.995055:0.007407,671:0.768280:0.006418,359:0.973465:0.008254,-1:-1.000000:0.009255,-1:-1.000000:-0.056808,8:0.797040:-0.033978,-1:-1.000000:-0.043926,-1:-1.000000:-0.014083,-1:-1.000000:0.075627
153:0.763355:0.006666,442:0.648935:0.005065,267:0.175620:0.010969,-1:-1.000000:-0.042183,-1:-1.000000:0.013441,384:0.360225:-0.007010,-1:-1.000000:-0.028338,-1:-1.000000:0.005177,690:0.955525:0.042422,694:0.491800:0.038554,-1:-1.000000:0.035407,-1:-1.000000:0.041700,-1:-1.000000:0.050157
36:0.988970:0.006000,235:0.999425:0.005104,100:0.909860:0.004198,-1:-1.000000:0.002270,-1:-1.000000:0.035047,-1:-1.000000:0.066721,-1:-1.000000:0.067801
399:0.864565:0.005400,399:0.558675:0.007166,596:0.506225:0.002655,-1:-1.000000:0.009239,-1:-1.000000:-0.012573,242:0.386960:0.025560,-1:-1.000000:0.014635,-1:-1.000000:0.038306,6:0.484315:-0.023748,690:0.525840:-0.020884,-1:-1.000000:-0.019811,-1:-1.000000:-0.023032,-1:-1.000000:-0.032340
458:0.937765:0.004860,220:0.681520:0.005702,216:0.041857:0.009514,-1:-1.000000:-0.027254,-1:-1.000000:0.011677,326:0.802745:-0.008024,-1:-1.000000:-0.000630,-1:-1.000000:-0.022812,-1:-1.000000:-0.053233
641:0.141910:0.004374,694:0.110488:-0.026692,-1:-1.000000:-0.039323,698:0.309445:-0.020376,-1:-1.000000:-0.025647,-1:-1.000000:-0.015106,179:0.851025:0.005765,669:0.260840:0.003541,-1:-1.000000:-0.008757,-1:-1.000000:0.008187,124:0.423775:0.033339,-1:-1.000000:0.046522,-1:-1.000000:0.013563
359:0.973465:0.003936,499:0.888605:0.004719,154:0.283795:0.007163,-1:-1.000000:-0.014866,-1:-1.000000:0.009566,201:0.712060:-0.013917,-1:-1.000000:-0.030522,-1:-1.000000:0.013759,-1:-1.000000:-0.050046
30,0.238342,0.307241,0.999295,0.218406,0.296677,1.000000
505:0.995055:0.003543,465:0.572910:0.002780,359:0.964795:0.007855,-1:-1.000000:0.009086,-1:-1.000000:-0.045042,385:0.733120:-0.006153,-1:-1.000000:-0.001097,-1:-1.000000:-0.032696,-1:-1.000000:0.056182
399:0.864565:0.003188,399:0.558675:0.004698,446:0.812260:0.000944,-1:-1.000000:-0.001738,-1:-1.000000:0.026688,242:0.386960:0.020005,-1:-1.000000:0.010757,-1:-1.000000:0.030793,690:0.313115:-0.021724,-1:-1.000000:-0.031263,26:0.957520:-0.018544,-1:-1.000000:-0.019477,-1:-1.000000:-0.016678
36:0.988970:0.002870,235:0.999425:0.002149,610:0.392980:0.001435,-1:-1.000000:0.004179,-1:-1.000000:-0.011374,-1:-1.000000:0.050737,-1:-1.000000:0.052586
399:0.864565:0.002583,399:0.558675:0.003926,30:0.190710:0.000517,-1:-1.000000:-0.020469,-1:-1.000000:0.003195,242:0.386960:0.017826,-1:-1.000000:0.009708,-1:-1.000000:0.027296,6:0.484315:-0.019581,690:0.525840:-0.016589,-1:-1.000000:-0.017170,-1:-1.000000:-0.015428,-1:-1.000000:-0.028555
267:0.175620:0.002324,30:0.486655:-0.023116,-1:-1.000000:0.002073,606:0.704045:-0.035710,-1:-1.000000:-0.030319,-1:-1.000000:-0.041101,220:0.681520:0.003463,399:0.864565:0.006613,-1:-1.000000:0.008633,-1:-1.000000:-0.017623,147:0.863130:-0.007455,-1:-1.000000:-0.003394,-1:-1.000000:-0.023698
36:0.988970:0.002092,34:0.656950:0.001453,83:0.823635:-0.004946,-1:-1.000000:-0.008830,-1:-1.000000:0.018363,470:0.464580:0.005824,-1:-1.000000:0.009076,-1:-1.000000:-0.009974,-1:-1.000000:0.046145
458:0.937765:0.001883,505:0.995055:0.002498,671:0.768280:0.001894,-1:-1.000000:0.003101,-1:-1.000000:-0.024258,-1:-1.000000:0.043573,-1:-1.000000:-0.040584
304:0.823180:0.001694,481:0.117363:0.002705,638:0.079141:0.011412,-1:-1.000000:-0.015675,-1:-1.000000:0.015927,572:0.490475:-0.001270,-1:-1.000000:-0.000047,-1:-1.000000:-0.056318,698:0.309445:-0.020870,-1:-1.000000:-0.030449,8:0.942700:-0.016080,-1:-1.000000:-0.016638,-1:-1.000000:-0.015521
36:0.988970:0.001525,100:0.889455:0.000950,614:0.778885:-0.000359,-1:-1.000000:0.000963,-1:-1.000000:-0.027233,618:0.976480:0.017695,-1:-1.000000:0.011677,-1:-1.000000:0.026721,-1:-1.000000:0.041225
37:0.116750:0.001373,22:0.462980:-0.013662,120:0.329145:-0.019097,-1:-1.000000:-0.025643,-1:-1.000000:-0.009279,-1:-1.000000:0.013514,458:0.937765:0.002782,220:0.681520:0.003407,-1:-1.000000:0.006255,-1:-1.000000:-0.006560,-1:-1.000000:-0.036617
40,0.180800,0.307414,1.000000,0.164121,0.296677,1.000000
359:0.973465:0.001235,276:0.350675:0.001791,265:0.354845:0.008466,-1:-1.000000:0.001482,-1:-1.000000:0.017778,300:0.626080:-0.001129,-1:-1.000000:-0.010973,-1:-1.000000:0.006528,-1:-1.000000:-0.037135
505:0.995055:0.001112,535:0.443395:0.000603,98:0.129280:-0.006681,-1:-1.000000:0.003490,-1:-1.000000:-0.012614,699:0.823700:0.003370,-1:-1.000000:0.004793,-1:-1.000000:-0.018919,-1:-1.000000:0.036248
499:0.888605:0.001001,300:0.626080:0.002498,276:0.469540:-0.001069,-1:-1.000000:0.004358,-1:-1.000000:-0.009751,699:0.817170:0.008546,-1:-1.000000:0.012429,-1:-1.000000:-0.005433,98:0.440575:-0.010605,30:0.424355:0.007453,-1:-1.000000:0.003953,-1:-1.000000:0.009203,74:0.465830:-0.021439,-1:-1.000000:-0.012214,-1:-1.000000:-0.027590
359:0.973465:0.000901,693:0.430020:0.001386,36:0.611805:-0.007045,-1:-1.000000:-0.015490,-1:-1.000000:0.006466,533:0.884850:0.003343,-1:-1.000000:0.002000,-1:-1.000000:0.027066,-1:-1.000000:-0.032596
36:0.988970:0.000810,34:0.986380:0.000335,153:0.763355:-0.000153,-1:-1.000000:-0.000994,-1:-1.000000:0.018060,-1:-1.000000:0.033568,-1:-1.000000:0.033584
458:0.937765:0.000729,267:0.175620:0.001170,694:0.768135:-0.016147,-1:-1.000000:-0.025123,-1:-1.000000:0.001803,36:0.332615:0.001957,-1:-1.000000:0.008979,-1:-1.000000:-0.000479,-1:-1.000000:-0.029679
36:0.988970:0.000656,34:0.986380:0.000227,100:0.889455:-0.000214,-1:-1.000000:-0.001245,-1:-1.000000:0.012765,-1:-1.000000:0.030259,-1:-1.000000:0.030273
304:0.823180:0.000591,481:0.117363:0.001322,636:0.731870:0.007598,-1:-1.000000:0.004567,-1:-1.000000:0.036387,572:0.490475:-0.001543,-1:-1.000000:-0.000510,-1:-1.000000:-0.048003,6:0.447495:-0.015745,694:0.628700:-0.012532,-1:-1.000000:-0.011407,-1:-1.000000:-0.013657,-1:-1.000000:-0.022171
499:0.888605:0.000532,300:0.626080:0.001743,276:0.469540:-0.001045,-1:-1.000000:0.003544,-1:-1.000000:-0.008389,8:0.611430:0.006471,-1:-1.000000:0.010795,-1:-1.000000:-0.001636,98:0.440575:-0.008856,18:0.853705:0.006200,-1:-1.000000:0.007932,-1:-1.000000:0.002735,74:0.465830:-0.017889,-1:-1.000000:-0.009121,-1:-1.000000:-0.023735
359:0.973465:0.000479,513:0.425130:0.000875,36:0.611805:-0.006122,-1:-1.000000:-0.013089,-1:-1.000000:0.005027,533:0.884850:0.002500,-1:-1.000000:0.001469,-1:-1.000000:0.020712,-1:-1.000000:-0.026904
50,0.137234,0.307414,1.000000,0.121152,0.296677,1.000000
36:0.988970:0.000431,438:0.893625:0.000049,100:0.889455:-0.001013,-1:-1.000000:-0.002027,-1:-1.000000:0.010549,690:0.451285:0.009450,-1:-1.000000:-0.008361,-1:-1.000000:0.016574,-1:-1.000000:0.026796
458:0.937765:0.000388,513:0.425130:0.000743,638:0.924500:-0.005500,-1:-1.000000:-0.010665,-1:-1.000000:0.006120,533:0.884850:0.002192,-1:-1.000000:0.001273,-1:-1.000000:0.018425,-1:-1.000000:-0.024107
30:0.190710:0.000349,694:0.445935:-0.007865,640:0.307415:0.004560,-1:-1.000000:0.014878,-1:-1.000000:-0.000599,690:0.496050:-0.015320,-1:-1.000000:-0.008137,-1:-1.000000:-0.020109,267:0.175620:0.001409,30:0.486655:-0.013440,-1:-1.000000:0.001373,-1:-1.000000:-0.020846,693:0.430020:0.002164,-1:-1.000000:-0.005390,-1:-1.000000:0.004092
349:0.989540:0.000314,417:0.902080:0.000664,17:0.751650:0.001555,-1:-1.000000:-0.000181,-1:-1.000000:0.008232,348:0.818110:-0.008690,-1:-1.000000:-0.013994,-1:-1.000000:0.001917,-1:-1.000000:-0.023842
36:0.988970:0.000283,34:0.986380:-0.000055,481:0.117363:-0.000395,-1:-1.000000:0.003445,-1:-1.000000:-0.002490,-1:-1.000000:0.023041,-1:-1.000000:0.023598
359:0.973465:0.000254,276:0.350675:0.000574,66:0.503905:0.004738,-1:-1.000000:-0.007689,-1:-1.000000:0.006809,669:0.227685:-0.001248,-1:-1.000000:-0.010939,-1:-1.000000:0.001302,-1:-1.000000:-0.021786
244:0.720015:0.000229,30:0.190710:0.000667,283:0.741785:-0.006838,-1:-1.000000:-0.000046,-1:-1.000000:-0.018159,481:0.117363:0.001668,-1:-1.000000:0.006070,-1:-1.000000:-0.000533,10:0.397765:-0.014677,-1:-1.000000:-0.010359,-1:-1.000000:-0.018996
34:0.986380:0.000206,36:0.988970:-0.000090,36:0.332615:-0.000395,-1:-1.000000:0.003627,-1:-1.000000:-0.002071,-1:-1.000000:0.020610,-1:-1.000000:0.020660
349:0.989540:0.000185,535:0.443395:0.000476,481:0.117363:-0.003374,-1:-1.000000:0.003903,-1:-1.000000:-0.007293,30:0.190710:0.002047,-1:-1.000000:-0.006116,-1:-1.000000:0.003408,-1:-1.000000:-0.019855
304:0.823180:0.000167,27:0.178580:0.000667,36:0.708395:0.007878,-1:-1.000000:0.009724,-1:-1.000000:0.002342,486:0.762805:-0.000311,-1:-1.000000:-0.002869,-1:-1.000000:0.003990,8:0.762430:-0.010992,-1:-1.000000:-0.015673,694:0.628700:-0.008652,-1:-1.000000:-0.007477,-1:-1.000000:-0.009827
60,0.111978,0.307414,1.000000,0.090477,0.296677,1.000000
417:0.902080:0.000150,513:0.425130:0.000838,596:0.287195:-0.004372,-1:-1.000000:0.003290,-1:-1.000000:-0.009160,596:0.726430:0.002166,-1:-1.000000:0.000590,-1:-1.000000:0.009520,694:0.978270:-0.007189,698:0.432835:-0.009759,-1:-1.000000:-0.014853,-1:-1.000000:-0.006363,-1:-1.000000:0.005665
359:0.973465:0.000135,276:0.350675:0.000404,66:0.503905:0.003824,-1:-1.000000:-0.005754,-1:-1.000000:0.005420,300:0.626080:-0.001093,-1:-1.000000:-0.005671,-1:-1.000000:0.002468,-1:-1.000000:-0.018390
36:0.988970:0.000122,153:0.763355:-0.000136,30:0.195205:-0.000593,-1:-1.000000:-0.008088,-1:-1.000000:0.000297,692:0.842025:0.009914,-1:-1.000000:0.002856,-1:-1.000000:0.013443,-1:-1.000000:0.017894
349:0.989540:0.000109,349:0.905200:0.000359,17:0.751650:-0.000307,-1:-1.000000:-0.001842,-1:-1.000000:0.003847,337:0.581720:0.007352,-1:-1.000000:0.002287,-1:-1.000000:0.012417,-1:-1.000000:-0.017104
505:0.995055:0.000099,671:0.768280:-0.000143,359:0.973465:0.000406,-1:-1.000000:0.000664,-1:-1.000000:-0.016397,30:0.327320:-0.012221,-1:-1.000000:-0.005261,-1:-1.000000:-0.015701,-1:-1.000000:0.016795
499:0.888605:0.000089,11:0.534090:0.000790,96:0.907520:-0.004059,-1:-1.000000:-0.007433,-1:-1.000000:0.004937,669:0.075559:0.001836,-1:-1.000000:-0.008574,-1:-1.000000:0.002486,201:0.712060:-0.005346,12:0.735695:-0.010703,-1:-1.000000:-0.014250,-1:-1.000000:-0.005382,30:0.424355:0.003582,-1:-1.000000:0.000850,-1:-1.000000:0.004948
34:0.986380:0.000080,533:0.177315:-0.000150,578:0.107070:-0.004750,-1:-1.000000:0.002237,-1:-1.000000:-0.009408,36:0.332615:0.000630,-1:-1.000000:0.004727,-1:-1.000000:-0.000767,-1:-1.000000:0.015926
382:0.825270:0.000072,481:0.117363:0.000385,682:0.871390:0.003319,-1:-1.000000:0.001636,-1:-1.000000:0.038653,572:0.490475:-0.001018,-1:-1.000000:-0.000129,-1:-1.000000:-0.041007,640:0.274830:-0.010579,-1:-1.000000:-0.013657,-1:-1.000000:-0.007502
359:0.973465:0.000065,135:0.738420:0.000282,10:0.397765:-0.000903,-1:-1.000000:0.000297,-1:-1.000000:-0.006236,359:0.156655:0.003183,-1:-1.000000:-0.005158,-1:-1.000000:0.005269,-1:-1.000000:-0.014916
349:0.989540:0.000058,349:0.905200:0.000270,17:0.751650:-0.000292,-1:-1.000000:-0.001564,-1:-1.000000:0.003150,337:0.581720:0.006167,-1:-1.000000:0.001638,-1:-1.000000:0.010696,-1:-1.000000:-0.014543
70,0.090909,0.307414,1.000000,0.068627,0.296677,1.000000
248:0.930910:0.000052,693:0.430020:-0.000251,36:0.611805:-0.004267,-1:-1.000000:-0.006870,-1:-1.000000:0.000938,533:0.884850:0.000609,-1:-1.000000:0.000004,-1:-1.000000:0.011307,698:0.309445:0.010374,-1:-1.000000:0.012374,-1:-1.000000:0.008375
596:0.726430:0.000047,596:0.716370:-0.000738,153:0.763355:-0.000106,-1:-1.000000:-0.000503,-1:-1.000000:0.010637,-1:-1.000000:-0.036126,596:0.732955:0.003488,-1:-1.000000:0.035096,586:0.169875:0.000854,-1:-1.000000:0.007873,-1:-1.000000:-0.002656
135:0.838025:0.000042,108:0.202345:-0.000724,187:0.298520:-0.006489,-1:-1.000000:-0.008715,-1:-1.000000:-0.000924,596:0.726430:0.000084,-1:-1.000000:-0.000998,-1:-1.000000:0.005764,426:0.230425:0.003401,359:0.375305:0.001189,-1:-1.000000:-0.002288,-1:-1.000000:0.002927,616:0.322190:0.008378,-1:-1.000000:0.010006,-1:-1.000000:0.003496
382:0.825270:0.000038,596:0.231150:0.000318,104:0.699785:0.002806,-1:-1.000000:0.003830,-1:-1.000000:-0.006922,267:0.210955:-0.000794,-1:-1.000000:-0.011078,-1:-1.000000:-0.000093,30:0.464920:-0.009475,-1:-1.000000:-0.012015,-1:-1.000000:-0.006936
349:0.989540:0.000034,244:0.720015:0.000222,179:0.851025:0.000493,-1:-1.000000:0.000022,-1:-1.000000:0.006332,10:0.397765:-0.008859,-1:-1.000000:-0.005176,-1:-1.000000:-0.012542,-1:-1.000000:-0.012929
505:0.995055:0.000031,671:0.768280:-0.000155,399:0.864565:0.000232,-1:-1.000000:0.000626,-1:-1.000000:-0.005874,30:0.327320:-0.008673,-1:-1.000000:-0.003274,-1:-1.000000:-0.011373,-1:-1.000000:0.012886
382:0.825270:0.000028,596:0.726430:0.000281,596:0.716370:-0.000457,-1:-1.000000:0.000126,-1:-1.000000:-0.032469,606:0.661955:0.003725,-1:-1.000000:0.001249,-1:-1.000000:0.030955,30:0.464920:-0.008593,-1:-1.000000:-0.010878,-1:-1.000000:-0.006307
359:0.973465:0.000025,349:0.989540:0.000201,30:0.190710:0.000376,-1:-1.000000:-0.003757,-1:-1.000000:0.000927,-1:-1.000000:-0.011712,-1:-1.000000:-0.012088
243:0.107500:0.000023,28:0.278570:0.006931,690:0.935475:0.005655,-1:-1.000000:0.004670,-1:-1.000000:0.006640,-1:-1.000000:0.009481,30:0.190710:-0.000287,640:0.449750:-0.005219,-1:-1.000000:-0.009744,-1:-1.000000:-0.001825,596:0.217040:0.000289,-1:-1.000000:0.003359,-1:-1.000000:-0.000735
36:0.988970:0.000020,574:0.340080:-0.000149,384:0.492555:-0.002992,-1:-1.000000:-0.010314,-1:-1.000000:-0.001161,476:0.415545:0.000641,-1:-1.000000:0.007679,-1:-1.000000:0.000078,-1:-1.000000:0.011671
80,0.072253,0.307414,1.000000,0.053968,0.296677,1.000000
248:0.930910:0.000018,693:0.430020:-0.000220,638:0.924500:-0.003382,-1:-1.000000:-0.004963,-1:-1.000000:0.001361,533:0.884850:0.000458,-1:-1.000000:-0.000015,-1:-1.000000:0.008803,6:0.492690:0.008119,-1:-1.000000:0.009276,-1:-1.000000:0.006961
34:0.986380:0.000016,417:0.902080:-0.000150,533:0.177315:0.000253,-1:-1.000000:-0.003965,-1:-1.000000:0.000780,216:0.236015:-0.004379,-1:-1.000000:0.003547,-1:-1.000000:-0.005964,-1:-1.000000:0.011510
596:0.726430:0.000015,470:0.956500:-0.000607,242:0.514730:-0.000094,-1:-1.000000:-0.001705,-1:-1.000000:0.001405,-1:-1.000000:-0.029326,596:0.732955:0.002742,-1:-1.000000:0.027756,586:0.169875:0.000658,-1:-1.000000:0.005851,-1:-1.000000:-0.001939
349:0.989540:0.000013,349:0.905200:0.000164,17:0.751650:-0.000236,-1:-1.000000:-0.001178,-1:-1.000000:0.002312,384:0.610925:0.004362,-1:-1.000000:-0.000004,-1:-1.000000:0.006545,-1:-1.000000:-0.010381
366:0.907205:0.000012,36:0.332615:-0.000200,669:0.076427:0.001949,-1:-1.000000:-0.006626,-1:-1.000000:0.002902,36:0.339800:-0.001095,-1:-1.000000:-0.015748,-1:-1.000000:-0.000458,6:0.492690:0.007206,-1:-1.000000:0.008248,-1:-1.000000:0.006164
243:0.107500:0.000011,28:0.278570:0.005720,18:0.670005:0.004953,-1:-1.000000:0.005454,-1:-1.000000:0.004453,-1:-1.000000:0.007254,30:0.190710:-0.000245,154:0.737160:-0.004219,-1:-1.000000:-0.001329,-1:-1.000000:-0.008073,596:0.217040:0.000219,-1:-1.000000:0.002650,-1:-1.000000:-0.000592
505:0.995055:0.000010,671:0.768280:-0.000134,418:0.408190:0.000174,-1:-1.000000:-0.000708,-1:-1.000000:0.001823,698:0.309445:-0.006909,-1:-1.000000:-0.009028,-1:-1.000000:-0.002670,-1:-1.000000:0.009897
399:0.864565:0.000009,341:0.643490:0.000296,300:0.626080:-0.000803,-1:-1.000000:-0.003313,-1:-1.000000:0.001161,17:0.751650:0.002098,-1:-1.000000:0.000419,-1:-1.000000:0.005668,690:0.313115:-0.004731,-1:-1.000000:-0.006821,690:0.384410:-0.004035,-1:-1.000000:-0.004473,-1:-1.000000:-0.003816
36:0.988970:0.000008,36:0.332615:-0.000129,533:0.626645:0.001653,-1:-1.000000:0.000432,-1:-1.000000:0.006536,36:0.339800:-0.000856,-1:-1.000000:-0.013899,-1:-1.000000:-0.000301,-1:-1.000000:0.009442
417:0.902080:0.000007,418:0.408190:0.000353,666:0.453315:-0.000444,-1:-1.000000:0.000074,-1:-1.000000:-0.023223,687:0.256335:0.002239,-1:-1.000000:0.024135,-1:-1.000000:0.001023,694:0.978270:-0.003678,66:0.542305:-0.004835,-1:-1.000000:-0.008104,-1:-1.000000:-0.004018,-1:-1.000000:0.002108
90,0.056230,0.307414,1.000000,0.044625,0.296677,1.000000
359:0.973465:0.000006,276:0.350675:0.000137,265:0.354845:0.001836,-1:-1.000000:0.000040,-1:-1.000000:0.004231,669:0.227685:-0.000606,-1:-1.000000:-0.004369,-1:-1.000000:0.000385,-1:-1.000000:-0.009033
382:0.825270:0.000006,446:0.570920:0.000193,446:0.516575:-0.000595,-1:-1.000000:-0.000142,-1:-1.000000:-0.006942,558:0.803705:0.001736,-1:-1.000000:0.000913,-1:-1.000000:0.007223,640:0.274830:-0.006366,-1:-1.000000:-0.007755,-1:-1.000000:-0.004977
382:0.825270:0.000005,596:0.726430:0.000174,470:0.956500:-0.000314,-1:-1.000000:0.000061,-1:-1.000000:-0.020925,596:0.748085:0.002450,-1:-1.000000:0.021697,-1:-1.000000:0.000701,6:0.447495:-0.005730,-1:-1.000000:-0.004479,-1:-1.000000:-0.006980
243:0.107500:0.000005,18:0.670005:0.004647,640:0.573420:0.004955,-1:-1.000000:0.005055,-1:-1.000000:0.004856,-1:-1.000000:0.004029,30:0.190710:-0.000203,418:0.344670:-0.003410,-1:-1.000000:-0.006479,-1:-1.000000:-0.001108,596:0.217040:0.000171,-1:-1.000000:0.002266,-1:-1.000000:-0.000527
505:0.995055:0.000004,671:0.768280:-0.000114,399:0.864565:0.000134,-1:-1.000000:0.000393,-1:-1.000000:-0.003886,8:0.797040:-0.005560,-1:-1.000000:-0.007103,-1:-1.000000:-0.002474,-1:-1.000000:0.008153
359:0.973465:0.000004,690:0.213935:0.000121,36:0.353880:0.002333,-1:-1.000000:-0.003760,-1:-1.000000:0.004618,504:0.445045:-0.000298,-1:-1.000000:-0.002506,-1:-1.000000:0.000340,-1:-1.000000:-0.008108
34:0.986380:0.000003,36:0.332615:-0.000112,669:0.076427:0.001381,-1:-1.000000:-0.004805,-1:-1.000000:0.002068,36:0.339800:-0.000721,-1:-1.000000:-0.010183,-1:-1.000000:-0.000319,-1:-1.000000:0.007975
366:0.907205:0.000003,74:0.915580:-0.000151,596:0.726430:0.000118,-1:-1.000000:-0.000501,-1:-1.000000:0.003829,480:0.672225:-0.003536,-1:-1.000000:-0.001931,-1:-1.000000:-0.004606,698:0.309445:0.005237,-1:-1.000000:0.006100,-1:-1.000000:0.004374
36:0.988970:0.000003,27:0.178580:-0.000105,474:0.582245:0.002134,-1:-1.000000:0.005333,-1:-1.000000:0.000763,513:0.449515:-0.000484,-1:-1.000000:-0.003390,-1:-1.000000:-0.000029,-1:-1.000000:0.007430
